<?xml version="1.0" encoding="UTF-8"?>
<!-- Generated by org.testng.reporters.JUnitXMLReporter -->
<testsuite ignored="0" hostname="AMDN6399" failures="0" tests="3" name="RestAssured-reqres-testing" time="12.868" errors="0" timestamp="2025-01-31T10:42:05 CET">
  <testcase classname="PostmanCloudTests" name="postLoginWithCorrectCredentials" time="5.272"/>
  <testcase classname="PostmanCloudTests" name="postLoginWithWrongCredentials" time="3.478"/>
  <testcase classname="PostmanCloudTests" name="postLoginWithDigestCorrectCredentials" time="3.742"/>
</testsuite> <!-- RestAssured-reqres-testing -->
