<?xml version="1.0" encoding="UTF-8"?>
<testng-results ignored="0" total="3" passed="3" failed="0" skipped="0">
  <reporter-output>
  </reporter-output>
  <suite started-at="2025-01-31T10:41:52 CET" name="Default Suite" finished-at="2025-01-31T10:42:05 CET" duration-ms="12868">
    <groups>
    </groups>
    <test started-at="2025-01-31T10:41:52 CET" name="RestAssured-reqres-testing" finished-at="2025-01-31T10:42:05 CET" duration-ms="12868">
      <class name="PostmanCloudTests">
        <test-method is-config="true" signature="setupPostmanServer()[pri:0, instance:PostmanCloudTests@7a4ccb53]" started-at="2025-01-31T10:41:52 CET" name="setupPostmanServer" finished-at="2025-01-31T10:41:53 CET" duration-ms="337" status="PASS">
          <reporter-output>
          </reporter-output>
        </test-method> <!-- setupPostmanServer -->
        <test-method signature="postLoginWithCorrectCredentials()[pri:0, instance:PostmanCloudTests@7a4ccb53]" started-at="2025-01-31T10:41:53 CET" name="postLoginWithCorrectCredentials" finished-at="2025-01-31T10:41:58 CET" duration-ms="5272" status="PASS">
          <reporter-output>
          </reporter-output>
        </test-method> <!-- postLoginWithCorrectCredentials -->
        <test-method signature="postLoginWithWrongCredentials()[pri:1, instance:PostmanCloudTests@7a4ccb53]" started-at="2025-01-31T10:41:58 CET" name="postLoginWithWrongCredentials" finished-at="2025-01-31T10:42:01 CET" duration-ms="3478" status="PASS">
          <reporter-output>
          </reporter-output>
        </test-method> <!-- postLoginWithWrongCredentials -->
        <test-method signature="postLoginWithDigestCorrectCredentials()[pri:2, instance:PostmanCloudTests@7a4ccb53]" started-at="2025-01-31T10:42:01 CET" name="postLoginWithDigestCorrectCredentials" finished-at="2025-01-31T10:42:05 CET" duration-ms="3742" status="PASS">
          <reporter-output>
          </reporter-output>
        </test-method> <!-- postLoginWithDigestCorrectCredentials -->
      </class> <!-- PostmanCloudTests -->
    </test> <!-- RestAssured-reqres-testing -->
  </suite> <!-- Default Suite -->
</testng-results>
